ngbusca added product name6 6.0     comment 6 Tue Oct 23 18:50:48 EEST 2018
ngbusca added product name5 5.0     comment 5 Tue Oct 23 18:50:48 EEST 2018
ngbusca added product name4 4.0     comment 4 Tue Oct 23 18:50:48 EEST 2018
ngbusca added product name3 3.0     comment 3 Tue Oct 23 18:50:48 EEST 2018
ngbusca added product name9 9.0     comment 9 Tue Oct 23 18:50:48 EEST 2018
ngbusca added product name8 8.0     comment 8 Tue Oct 23 18:50:48 EEST 2018
ngbusca added product name7 7.0     comment 7 Tue Oct 23 18:50:48 EEST 2018
ngbusca added product name2 2.0     comment 2 Tue Oct 23 18:50:48 EEST 2018
ngbusca added product name1 1.0     comment 1 Tue Oct 23 18:50:48 EEST 2018
ngbusca added product name0 0.0     comment 0 Tue Oct 23 18:50:48 EEST 2018
ngbusca added product name6 6.0      comment 6 Tue Oct 23 18:51:37 EEST 2018
ngbusca added product name5 5.0      comment 5 Tue Oct 23 18:51:37 EEST 2018
ngbusca added product name4 4.0      comment 4 Tue Oct 23 18:51:37 EEST 2018
ngbusca added product name3 3.0      comment 3 Tue Oct 23 18:51:37 EEST 2018
ngbusca added product name9 9.0      comment 9 Tue Oct 23 18:51:37 EEST 2018
ngbusca added product name8 8.0      comment 8 Tue Oct 23 18:51:37 EEST 2018
ngbusca added product name7 7.0      comment 7 Tue Oct 23 18:51:37 EEST 2018
ngbusca added product name2 2.0      comment 2 Tue Oct 23 18:51:37 EEST 2018
ngbusca added product name1 1.0      comment 1 Tue Oct 23 18:51:37 EEST 2018
ngbusca added product name0 0.0      comment 0 Tue Oct 23 18:51:37 EEST 2018
ngbusca added product name6 6.0       comment 6 Tue Oct 23 18:51:44 EEST 2018
ngbusca added product name5 5.0       comment 5 Tue Oct 23 18:51:44 EEST 2018
ngbusca added product name4 4.0       comment 4 Tue Oct 23 18:51:44 EEST 2018
ngbusca added product name3 3.0       comment 3 Tue Oct 23 18:51:44 EEST 2018
ngbusca added product name9 9.0       comment 9 Tue Oct 23 18:51:44 EEST 2018
ngbusca added product name8 8.0       comment 8 Tue Oct 23 18:51:44 EEST 2018
ngbusca added product name7 7.0       comment 7 Tue Oct 23 18:51:44 EEST 2018
ngbusca added product name2 2.0       comment 2 Tue Oct 23 18:51:44 EEST 2018
ngbusca added product name1 1.0       comment 1 Tue Oct 23 18:51:44 EEST 2018
ngbusca added product name0 0.0       comment 0 Tue Oct 23 18:51:44 EEST 2018
ngbusca added product name6 6.0        comment 6 Tue Oct 23 21:57:43 EEST 2018
ngbusca added product name5 5.0        comment 5 Tue Oct 23 21:57:43 EEST 2018
ngbusca added product name4 4.0        comment 4 Tue Oct 23 21:57:43 EEST 2018
ngbusca added product name3 3.0        comment 3 Tue Oct 23 21:57:43 EEST 2018
ngbusca added product name9 9.0        comment 9 Tue Oct 23 21:57:43 EEST 2018
ngbusca added product name8 8.0        comment 8 Tue Oct 23 21:57:43 EEST 2018
ngbusca added product name7 7.0        comment 7 Tue Oct 23 21:57:43 EEST 2018
ngbusca added product name2 2.0        comment 2 Tue Oct 23 21:57:43 EEST 2018
ngbusca added product name1 1.0        comment 1 Tue Oct 23 21:57:43 EEST 2018
ngbusca added product name0 0.0        comment 0 Tue Oct 23 21:57:43 EEST 2018
ngbusca added product name_0 0.0 comment 0 Tue Oct 23 21:57:43 EEST 2018
ngbusca added product name_1 1.0 comment 1 Tue Oct 23 21:57:43 EEST 2018
ngbusca added product name_2 2.0 comment 2 Tue Oct 23 21:57:43 EEST 2018
ngbusca added product name_3 3.0 comment 3 Tue Oct 23 21:57:43 EEST 2018
ngbusca added product name_4 4.0 comment 4 Tue Oct 23 21:57:43 EEST 2018
ngbusca added product name_5 5.0 comment 5 Tue Oct 23 21:57:43 EEST 2018
ngbusca added product name_6 6.0 comment 6 Tue Oct 23 21:57:43 EEST 2018
ngbusca added product name_7 7.0 comment 7 Tue Oct 23 21:57:43 EEST 2018
ngbusca added product name_8 8.0 comment 8 Tue Oct 23 21:57:43 EEST 2018
ngbusca added product name_9 9.0 comment 9 Tue Oct 23 21:57:43 EEST 2018
chini added product name_3 3.0  comment 3 Tue Oct 23 21:57:47 EEST 2018
chini added product name_2 2.0  comment 2 Tue Oct 23 21:57:48 EEST 2018
chini added product name_1 1.0  comment 1 Tue Oct 23 21:57:48 EEST 2018
chini added product name_0 0.0  comment 0 Tue Oct 23 21:57:48 EEST 2018
chini added product name6 6.0         comment 6 Tue Oct 23 21:57:48 EEST 2018
chini added product name5 5.0         comment 5 Tue Oct 23 21:57:48 EEST 2018
chini added product name4 4.0         comment 4 Tue Oct 23 21:57:48 EEST 2018
chini added product name3 3.0         comment 3 Tue Oct 23 21:57:48 EEST 2018
chini added product name9 9.0         comment 9 Tue Oct 23 21:57:48 EEST 2018
chini added product name8 8.0         comment 8 Tue Oct 23 21:57:48 EEST 2018
chini added product name7 7.0         comment 7 Tue Oct 23 21:57:48 EEST 2018
chini added product name_9 9.0  comment 9 Tue Oct 23 21:57:48 EEST 2018
chini added product name_8 8.0  comment 8 Tue Oct 23 21:57:48 EEST 2018
chini added product name2 2.0         comment 2 Tue Oct 23 21:57:48 EEST 2018
chini added product name_7 7.0  comment 7 Tue Oct 23 21:57:48 EEST 2018
chini added product name1 1.0         comment 1 Tue Oct 23 21:57:48 EEST 2018
chini added product name_6 6.0  comment 6 Tue Oct 23 21:57:48 EEST 2018
chini added product name0 0.0         comment 0 Tue Oct 23 21:57:48 EEST 2018
chini added product name_5 5.0  comment 5 Tue Oct 23 21:57:48 EEST 2018
chini added product name_4 4.0  comment 4 Tue Oct 23 21:57:48 EEST 2018
chini added product name_3 3.0   comment 3 Tue Oct 23 21:58:27 EEST 2018
chini added product name_2 2.0   comment 2 Tue Oct 23 21:58:27 EEST 2018
chini added product name_1 1.0   comment 1 Tue Oct 23 21:58:27 EEST 2018
chini added product name_0 0.0   comment 0 Tue Oct 23 21:58:27 EEST 2018
chini added product name6 6.0          comment 6 Tue Oct 23 21:58:27 EEST 2018
chini added product name5 5.0          comment 5 Tue Oct 23 21:58:27 EEST 2018
chini added product name4 4.0          comment 4 Tue Oct 23 21:58:27 EEST 2018
chini added product name3 3.0          comment 3 Tue Oct 23 21:58:27 EEST 2018
chini added product name9 9.0          comment 9 Tue Oct 23 21:58:27 EEST 2018
chini added product name8 8.0          comment 8 Tue Oct 23 21:58:27 EEST 2018
chini added product name7 7.0          comment 7 Tue Oct 23 21:58:27 EEST 2018
chini added product name_9 9.0   comment 9 Tue Oct 23 21:58:27 EEST 2018
chini added product name_8 8.0   comment 8 Tue Oct 23 21:58:27 EEST 2018
chini added product name2 2.0          comment 2 Tue Oct 23 21:58:27 EEST 2018
chini added product name_7 7.0   comment 7 Tue Oct 23 21:58:27 EEST 2018
chini added product name1 1.0          comment 1 Tue Oct 23 21:58:27 EEST 2018
chini added product name_6 6.0   comment 6 Tue Oct 23 21:58:27 EEST 2018
chini added product name0 0.0          comment 0 Tue Oct 23 21:58:27 EEST 2018
chini added product name_5 5.0   comment 5 Tue Oct 23 21:58:27 EEST 2018
chini added product name_4 4.0   comment 4 Tue Oct 23 21:58:27 EEST 2018
chini added product name_3 3.0    comment 3 Tue Oct 23 21:58:42 EEST 2018
chini added product name_2 2.0    comment 2 Tue Oct 23 21:58:42 EEST 2018
chini added product name_1 1.0    comment 1 Tue Oct 23 21:58:42 EEST 2018
chini added product name_0 0.0    comment 0 Tue Oct 23 21:58:42 EEST 2018
chini added product name6 6.0           comment 6 Tue Oct 23 21:58:42 EEST 2018
chini added product name5 5.0           comment 5 Tue Oct 23 21:58:42 EEST 2018
chini added product name4 4.0           comment 4 Tue Oct 23 21:58:42 EEST 2018
chini added product name3 3.0           comment 3 Tue Oct 23 21:58:42 EEST 2018
chini added product name9 9.0           comment 9 Tue Oct 23 21:58:42 EEST 2018
chini added product name8 8.0           comment 8 Tue Oct 23 21:58:42 EEST 2018
chini added product name7 7.0           comment 7 Tue Oct 23 21:58:42 EEST 2018
chini added product name_9 9.0    comment 9 Tue Oct 23 21:58:42 EEST 2018
chini added product name_8 8.0    comment 8 Tue Oct 23 21:58:42 EEST 2018
chini added product name2 2.0           comment 2 Tue Oct 23 21:58:42 EEST 2018
chini added product name_7 7.0    comment 7 Tue Oct 23 21:58:42 EEST 2018
chini added product name1 1.0           comment 1 Tue Oct 23 21:58:42 EEST 2018
chini added product name_6 6.0    comment 6 Tue Oct 23 21:58:42 EEST 2018
chini added product name0 0.0           comment 0 Tue Oct 23 21:58:42 EEST 2018
chini added product name_5 5.0    comment 5 Tue Oct 23 21:58:42 EEST 2018
chini added product name_4 4.0    comment 4 Tue Oct 23 21:58:42 EEST 2018
Diego added product name_3 3.0     comment 3 Tue Oct 23 22:01:27 EEST 2018
Diego added product name_2 2.0     comment 2 Tue Oct 23 22:01:27 EEST 2018
Diego added product name_1 1.0     comment 1 Tue Oct 23 22:01:27 EEST 2018
Diego added product name_0 0.0     comment 0 Tue Oct 23 22:01:27 EEST 2018
Diego added product name6 6.0            comment 6 Tue Oct 23 22:01:27 EEST 2018
Diego added product name5 5.0            comment 5 Tue Oct 23 22:01:27 EEST 2018
Diego added product name4 4.0            comment 4 Tue Oct 23 22:01:27 EEST 2018
Diego added product name3 3.0            comment 3 Tue Oct 23 22:01:27 EEST 2018
Diego added product name9 9.0            comment 9 Tue Oct 23 22:01:27 EEST 2018
Diego added product name8 8.0            comment 8 Tue Oct 23 22:01:27 EEST 2018
Diego added product name7 7.0            comment 7 Tue Oct 23 22:01:27 EEST 2018
Diego added product name_9 9.0     comment 9 Tue Oct 23 22:01:27 EEST 2018
Diego added product name_8 8.0     comment 8 Tue Oct 23 22:01:27 EEST 2018
Diego added product name2 2.0            comment 2 Tue Oct 23 22:01:27 EEST 2018
Diego added product name_7 7.0     comment 7 Tue Oct 23 22:01:27 EEST 2018
Diego added product name1 1.0            comment 1 Tue Oct 23 22:01:27 EEST 2018
Diego added product name_6 6.0     comment 6 Tue Oct 23 22:01:27 EEST 2018
Diego added product name0 0.0            comment 0 Tue Oct 23 22:01:27 EEST 2018
Diego added product name_5 5.0     comment 5 Tue Oct 23 22:01:27 EEST 2018
Diego added product name_4 4.0     comment 4 Tue Oct 23 22:01:27 EEST 2018
Diego changed the price of name_5 from 5.0 to 15.0 Tue Oct 23 22:01:27 EEST 2018
Diego changed the price of name_6 from 6.0 to 18.0 Tue Oct 23 22:01:27 EEST 2018
Diego changed the price of name_7 from 7.0 to 21.0 Tue Oct 23 22:01:27 EEST 2018
Diego changed the price of name_8 from 8.0 to 24.0 Tue Oct 23 22:01:27 EEST 2018
Diego changed the price of name_9 from 9.0 to 27.0 Tue Oct 23 22:01:27 EEST 2018
Diego attemtped to change the price of the inexistent product name_10 to 30.0 Tue Oct 23 22:01:27 EEST 2018
Diego attemtped to change the price of the inexistent product name_11 to 33.0 Tue Oct 23 22:01:27 EEST 2018
Diego changed the comment of name_7 from     comment 7 to new description name_7 Tue Oct 23 22:01:27 EEST 2018
Diego changed the comment of name_8 from     comment 8 to new description name_8 Tue Oct 23 22:01:27 EEST 2018
Diego changed the comment of name_9 from     comment 9 to new description name_9 Tue Oct 23 22:01:27 EEST 2018
Diego attempted to change the comment of the inexistent product name_10 to new description name_10 Tue Oct 23 22:01:27 EEST 2018
Diego attempted to change the comment of the inexistent product name_11 to new description name_11 Tue Oct 23 22:01:27 EEST 2018
Diego change the name of name_7 to new_name_7 Tue Oct 23 22:01:27 EEST 2018
Diego change the name of name_8 to new_name_8 Tue Oct 23 22:01:27 EEST 2018
Diego change the name of name_9 to new_name_9 Tue Oct 23 22:01:27 EEST 2018
Diego attemtped to change the name of the inexistent product name_10 to new_name_10 Tue Oct 23 22:01:27 EEST 2018
Diego attemtped to change the name of the inexistent product name_11 to new_name_11 Tue Oct 23 22:01:27 EEST 2018
Diego attemtped to change the price of the inexistent product name_7 to 3.5 Tue Oct 23 22:01:27 EEST 2018
Diego attemtped to change the price of the inexistent product name_8 to 4.0 Tue Oct 23 22:01:27 EEST 2018
Diego attemtped to change the price of the inexistent product name_9 to 4.5 Tue Oct 23 22:01:27 EEST 2018
Diego attemtped to change the price of the inexistent product name_10 to 5.0 Tue Oct 23 22:01:27 EEST 2018
Diego attemtped to change the price of the inexistent product name_11 to 5.5 Tue Oct 23 22:01:27 EEST 2018
